0 info it worked if it ends with ok
1 verbose cli [ 'C:\\Program Files\\nodejs\\node.exe',
1 verbose cli   'C:\\Users\\Novateur\\AppData\\Roaming\\npm\\node_modules\\npm\\bin\\npm-cli.js',
1 verbose cli   'start' ]
2 info using npm@4.1.1
3 info using node@v6.11.0
4 verbose run-script [ 'prestart', 'start', 'poststart' ]
5 info lifecycle etm@0.0.0~prestart: etm@0.0.0
6 silly lifecycle etm@0.0.0~prestart: no script for prestart, continuing
7 info lifecycle etm@0.0.0~start: etm@0.0.0
8 verbose lifecycle etm@0.0.0~start: unsafe-perm in lifecycle true
9 verbose lifecycle etm@0.0.0~start: PATH: C:\Users\Novateur\AppData\Roaming\npm\node_modules\npm\bin\node-gyp-bin;C:\Users\Novateur\WebstormProjects\etm\node_modules\.bin;C:\ProgramData\Oracle\Java\javapath;C:\WINDOWS\system32;C:\WINDOWS;C:\WINDOWS\System32\Wbem;C:\WINDOWS\System32\WindowsPowerShell\v1.0\;C:\Program Files\Git\cmd;C:\ProgramData\ComposerSetup\bin;C:\ProgramData\chocolatey\bin;C:\Program Files\wkhtmltopdf\bin;C:\Program Files\nodejs;C:\Program Files (x86)\Java\jdk1.8.0_121\bin;C:\Program Files (x86)\Windows Kits\10\Windows Performance Toolkit\;C:\Program Files\Microsoft SQL Server\130\Tools\Binn\;C:\Program Files\dotnet\;C:\Program Files (x86)\Microsoft Emulator Manager\1.0\;C:\Program Files\PuTTY\;C:\Program Files\nodejs\;C:\ProgramData\Oracle\Java\javapath;C:\WINDOWS\system32;C:\WINDOWS;C:\WINDOWS\System32\Wbem;C:\WINDOWS\System32\WindowsPowerShell\v1.0\;C:\Program Files\Git\cmd;C:\ProgramData\ComposerSetup\bin;C:\ProgramData\chocolatey\bin;C:\Program Files\wkhtmltopdf\bin;C:\Program Files\nodejs;C:\Program Files (x86)\Java\jdk1.8.0_121\bin;C:\Program Files (x86)\Windows Kits\10\Windows Performance Toolkit\;C:\Program Files\Microsoft SQL Server\130\Tools\Binn\;C:\Program Files\dotnet\;C:\Program Files (x86)\Microsoft Emulator Manager\1.0\;C:\Program Files\PuTTY\;C:\Program Files\nodejs\;C:\Strawberry\c\bin;C:\Strawberry\perl\site\bin;C:\Strawberry\perl\bin;C:\Ruby23\bin;C:\Users\Novateur\AppData\Roaming\Composer\vendor\bin;C:\Users\Novateur\AppData\Local\Microsoft\WindowsApps;C:\Program Files (x86)\Microsoft VS Code\bin;C:\Program Files (x86)\Java\jre1.8.0_121\bin;C:\Program Files\Heroku\bin;C:\Users\Novateur\AppData\Roaming\npm;C:\Program Files (x86)\Android\android-sdk\tools;C:\Program Files (x86)\Android\android-sdk\platform-tools;C:\xampp\php;C:\Users\Novateur\AppData\Local\Fusetools\Fuse\App\Bin;C:\Program Files\Java\jdk1.8.0_131\bin;C:\Users\Novateur\AppData\Local\Programs\Fiddler
10 verbose lifecycle etm@0.0.0~start: CWD: C:\Users\Novateur\WebstormProjects\etm
11 silly lifecycle etm@0.0.0~start: Args: [ '/d /s /c',
11 silly lifecycle   'node ./bin/www && babel-node app.js --presets es2015' ]
12 silly lifecycle etm@0.0.0~start: Returned: code: 1  signal: null
13 info lifecycle etm@0.0.0~start: Failed to exec start script
14 verbose stack Error: etm@0.0.0 start: `node ./bin/www && babel-node app.js --presets es2015`
14 verbose stack Exit status 1
14 verbose stack     at EventEmitter.<anonymous> (C:\Users\Novateur\AppData\Roaming\npm\node_modules\npm\lib\utils\lifecycle.js:279:16)
14 verbose stack     at emitTwo (events.js:106:13)
14 verbose stack     at EventEmitter.emit (events.js:191:7)
14 verbose stack     at ChildProcess.<anonymous> (C:\Users\Novateur\AppData\Roaming\npm\node_modules\npm\lib\utils\spawn.js:40:14)
14 verbose stack     at emitTwo (events.js:106:13)
14 verbose stack     at ChildProcess.emit (events.js:191:7)
14 verbose stack     at maybeClose (internal/child_process.js:891:16)
14 verbose stack     at Process.ChildProcess._handle.onexit (internal/child_process.js:226:5)
15 verbose pkgid etm@0.0.0
16 verbose cwd C:\Users\Novateur\WebstormProjects\etm
17 error Windows_NT 10.0.15063
18 error argv "C:\\Program Files\\nodejs\\node.exe" "C:\\Users\\Novateur\\AppData\\Roaming\\npm\\node_modules\\npm\\bin\\npm-cli.js" "start"
19 error node v6.11.0
20 error npm  v4.1.1
21 error code ELIFECYCLE
22 error etm@0.0.0 start: `node ./bin/www && babel-node app.js --presets es2015`
22 error Exit status 1
23 error Failed at the etm@0.0.0 start script 'node ./bin/www && babel-node app.js --presets es2015'.
23 error Make sure you have the latest version of node.js and npm installed.
23 error If you do, this is most likely a problem with the etm package,
23 error not with npm itself.
23 error Tell the author that this fails on your system:
23 error     node ./bin/www && babel-node app.js --presets es2015
23 error You can get information on how to open an issue for this project with:
23 error     npm bugs etm
23 error Or if that isn't available, you can get their info via:
23 error     npm owner ls etm
23 error There is likely additional logging output above.
24 verbose exit [ 1, true ]
